[32m[2025-11-21 12:04:23]    INFO >> 加载配置: /home/zhaojunzhang/workspace/type_pred/naturalcc/run/type_prediction/typilus/experiments/layers_3/config.yml (train_enhanced.py:666, cli_main())[0m
[32m[2025-11-21 12:04:23]    INFO >> 单GPU训练... (train_enhanced.py:694, cli_main())[0m
[32m[2025-11-21 12:04:24]    INFO >> 训练日志将保存到: /home/zhaojunzhang/workspace/type_pred/naturalcc/run/type_prediction/typilus/experiments/layers_3/logs (train_enhanced.py:561, single_main())[0m
[32m[2025-11-21 12:04:24]    INFO >> [nodes] dictionary: 9999 types (typilus.py:102, setup_task())[0m
[32m[2025-11-21 12:04:24]    INFO >> [edges] dictionary: 0 types (typilus.py:102, setup_task())[0m
[32m[2025-11-21 12:04:24]    INFO >> [supernodes.annotation] dictionary: 99 types (typilus.py:106, setup_task())[0m
[TrainingLogger] 日志目录: /home/zhaojunzhang/workspace/type_pred/naturalcc/run/type_prediction/typilus/experiments/layers_3/logs
[TrainingLogger] 原始输出将保存到: /home/zhaojunzhang/workspace/type_pred/naturalcc/run/type_prediction/typilus/experiments/layers_3/logs/training_output.log
Traceback (most recent call last):
  File "/home/zhaojunzhang/workspace/type_pred/naturalcc/run/type_prediction/typilus/experiment_tools/train_enhanced.py", line 699, in <module>
    cli_main()
  File "/home/zhaojunzhang/workspace/type_pred/naturalcc/run/type_prediction/typilus/experiment_tools/train_enhanced.py", line 695, in cli_main
    single_main(args)
  File "/home/zhaojunzhang/workspace/type_pred/naturalcc/run/type_prediction/typilus/experiment_tools/train_enhanced.py", line 566, in single_main
    model = task.build_model(args)
  File "/home/zhaojunzhang/workspace/type_pred/naturalcc/ncc/tasks/ncc_task.py", line 259, in build_model
    return models.build_model(args, config, self)
  File "/home/zhaojunzhang/workspace/type_pred/naturalcc/ncc/models/__init__.py", line 37, in build_model
    return MODEL_REGISTRY[args['model']['arch']].build_model(args, config, task)
  File "/home/zhaojunzhang/workspace/type_pred/naturalcc/ncc/models/type_prediction/typilus.py", line 144, in build_model
    encoder = GGNNEncoder(
  File "/home/zhaojunzhang/workspace/type_pred/naturalcc/ncc/models/type_prediction/typilus.py", line 85, in __init__
    self.ggnns = nn.ModuleList([
  File "/home/zhaojunzhang/workspace/type_pred/naturalcc/ncc/models/type_prediction/typilus.py", line 88, in <listcomp>
    backward=edge_backward, timesteps=timesteps[i], dropout=dropout)
IndexError: list index out of range
